1543937603264	mozrunner::runner	INFO	Running command: "/Applications/Firefox.app/Contents/MacOS/firefox-bin" "-marionette" "-foreground" "-no-remote" "-profile" "/var/folders/jz/24yflq0x2yj2tmh35qjwzfb80000gn/T/rust_mozprofile.GJsYeSbCoaZ3"
1543937607195	Marionette	INFO	Listening on port 58191
1543937607280	Marionette	WARN	TLS certificate errors will be ignored for this session
console.error: BroadcastService: 
  receivedBroadcastMessage: handler for
  remote-settings/monitor_changes
  threw error:
  Message: Error: Polling for changes failed: NetworkError when attempting to fetch resource..
  Stack:
    remoteSettingsFunction/remoteSettings.pollChanges@resource://services-settings/remote-settings.js:721:13

1543937632554	Marionette	INFO	Stopped listening on port 58191
1543937661369	mozrunner::runner	INFO	Running command: "/Applications/Firefox.app/Contents/MacOS/firefox-bin" "-marionette" "-foreground" "-no-remote" "-profile" "/var/folders/jz/24yflq0x2yj2tmh35qjwzfb80000gn/T/rust_mozprofile.jRD0tHBnThmY"
1543937663194	Marionette	INFO	Listening on port 58503
1543937663227	Marionette	WARN	TLS certificate errors will be ignored for this session
1543937671173	Marionette	INFO	Stopped listening on port 58503
[Child 15427, Chrome_ChildThread] WARNING: pipe error: Broken pipe: file /builds/worker/workspace/build/src/ipc/chromium/src/chrome/common/ipc_channel_posix.cc, line 729
[Child 15427, Chrome_ChildThread] WARNING: pipe error: Broken pipe: file /builds/worker/workspace/build/src/ipc/chromium/src/chrome/common/ipc_channel_posix.cc, line 729
[Child 15427, Chrome_ChildThread] WARNING: pipe error: Broken pipe: file /builds/worker/workspace/build/src/ipc/chromium/src/chrome/common/ipc_channel_posix.cc, line 729
[Child 15427, Chrome_ChildThread] WARNING: pipe error: Broken pipe: file /builds/worker/workspace/build/src/ipc/chromium/src/chrome/common/ipc_channel_posix.cc, line 729
[Child 15427, Chrome_ChildThread] WARNING: pipe error: Broken pipe: file /builds/worker/workspace/build/src/ipc/chromium/src/chrome/common/ipc_channel_posix.cc, line 729
[Child 15427, Chrome_ChildThread] WARNING: pipe error: Broken pipe: file /builds/worker/workspace/build/src/ipc/chromium/src/chrome/common/ipc_channel_posix.cc, line 729
1543937750358	mozrunner::runner	INFO	Running command: "/Applications/Firefox.app/Contents/MacOS/firefox-bin" "-marionette" "-foreground" "-no-remote" "-profile" "/var/folders/jz/24yflq0x2yj2tmh35qjwzfb80000gn/T/rust_mozprofile.EwIfpNneVu0G"
1543937752178	Marionette	INFO	Listening on port 58916
1543937752208	Marionette	WARN	TLS certificate errors will be ignored for this session
1543937760730	Marionette	INFO	Stopped listening on port 58916

###!!! [Child][RunMessage] Error: Channel closing: too late to send/recv, messages will be lost


###!!! [Child][MessageChannel] Error: (msgtype=0x3000BB,name=PContent::Msg_ScriptError) Channel closing: too late to send/recv, messages will be lost


###!!! [Child][RunMessage] Error: Channel closing: too late to send/recv, messages will be lost

JavaScript error: resource://gre/modules/WebProgressChild.jsm, line 58: TypeError: this.mm.content is null
1543937818140	mozrunner::runner	INFO	Running command: "/Applications/Firefox.app/Contents/MacOS/firefox-bin" "-marionette" "-foreground" "-no-remote" "-profile" "/var/folders/jz/24yflq0x2yj2tmh35qjwzfb80000gn/T/rust_mozprofile.wBzbhxJmewlP"
1543937819899	Marionette	INFO	Listening on port 59254
1543937819996	Marionette	WARN	TLS certificate errors will be ignored for this session
1543937829251	Marionette	INFO	Stopped listening on port 59254
IPDL protocol error: Handler returned error code!

###!!! [Parent][DispatchAsyncMessage] Error: PLayerTransaction::Msg_ReleaseLayer Processing error: message was deserialized, but the handler returned false (indicating failure)

IPDL protocol error: Handler returned error code!

###!!! [Parent][DispatchAsyncMessage] Error: PLayerTransaction::Msg_ReleaseLayer Processing error: message was deserialized, but the handler returned false (indicating failure)

IPDL protocol error: Handler returned error code!

###!!! [Parent][DispatchAsyncMessage] Error: PLayerTransaction::Msg_ReleaseLayer Processing error: message was deserialized, but the handler returned false (indicating failure)

IPDL protocol error: Handler returned error code!

###!!! [Parent][DispatchAsyncMessage] Error: PLayerTransaction::Msg_ReleaseLayer Processing error: message was deserialized, but the handler returned false (indicating failure)

1543937928118	mozrunner::runner	INFO	Running command: "/Applications/Firefox.app/Contents/MacOS/firefox-bin" "-marionette" "-foreground" "-no-remote" "-profile" "/var/folders/jz/24yflq0x2yj2tmh35qjwzfb80000gn/T/rust_mozprofile.NrCf3Kn7H8Nz"
1543937929825	Marionette	INFO	Listening on port 59762
1543937929872	Marionette	WARN	TLS certificate errors will be ignored for this session
1543937939785	Marionette	INFO	Stopped listening on port 59762
1543938353754	mozrunner::runner	INFO	Running command: "/Applications/Firefox.app/Contents/MacOS/firefox-bin" "-marionette" "-foreground" "-no-remote" "-profile" "/var/folders/jz/24yflq0x2yj2tmh35qjwzfb80000gn/T/rust_mozprofile.hR2wa7Z7Ezz7"
1543938356019	Marionette	INFO	Listening on port 61611
1543938356119	Marionette	WARN	TLS certificate errors will be ignored for this session
1543938369550	Marionette	INFO	Stopped listening on port 61611

###!!! [Child][MessageChannel] Error: (msgtype=0x4C000E,name=PHttpChannel::Msg_DeletingChannel) Channel closing: too late to send/recv, messages will be lost

1543938488282	mozrunner::runner	INFO	Running command: "/Applications/Firefox.app/Contents/MacOS/firefox-bin" "-marionette" "-foreground" "-no-remote" "-profile" "/var/folders/jz/24yflq0x2yj2tmh35qjwzfb80000gn/T/rust_mozprofile.mlFyNkRjl5aM"
1543938490148	Marionette	INFO	Listening on port 62220
1543938490237	Marionette	WARN	TLS certificate errors will be ignored for this session
console.error: BroadcastService: 
  receivedBroadcastMessage: handler for
  remote-settings/monitor_changes
  threw error:
  Message: Error: Polling for changes failed: NetworkError when attempting to fetch resource..
  Stack:
    remoteSettingsFunction/remoteSettings.pollChanges@resource://services-settings/remote-settings.js:721:13

1543938528654	Marionette	INFO	Stopped listening on port 62220
1543938534094	mozrunner::runner	INFO	Running command: "/Applications/Firefox.app/Contents/MacOS/firefox-bin" "-marionette" "-foreground" "-no-remote" "-profile" "/var/folders/jz/24yflq0x2yj2tmh35qjwzfb80000gn/T/rust_mozprofile.kUcFjjQF4TOj"
1543938535970	Marionette	INFO	Listening on port 62471
1543938536030	Marionette	WARN	TLS certificate errors will be ignored for this session
1543938546077	Marionette	INFO	Stopped listening on port 62471
IPDL protocol error: Handler returned error code!

###!!! [Parent][DispatchAsyncMessage] Error: PLayerTransaction::Msg_ReleaseLayer Processing error: message was deserialized, but the handler returned false (indicating failure)

IPDL protocol error: Handler returned error code!

###!!! [Parent][DispatchAsyncMessage] Error: PLayerTransaction::Msg_ReleaseLayer Processing error: message was deserialized, but the handler returned false (indicating failure)


###!!! [Child][RunMessage] Error: Channel closing: too late to send/recv, messages will be lost


###!!! [Child][RunMessage] Error: Channel closing: too late to send/recv, messages will be lost


###!!! [Child][RunMessage] Error: Channel closing: too late to send/recv, messages will be lost


###!!! [Child][RunMessage] Error: Channel closing: too late to send/recv, messages will be lost


###!!! [Child][RunMessage] Error: Channel closing: too late to send/recv, messages will be lost


###!!! [Child][RunMessage] Error: Channel closing: too late to send/recv, messages will be lost


###!!! [Child][RunMessage] Error: Channel closing: too late to send/recv, messages will be lost


###!!! [Child][RunMessage] Error: Channel closing: too late to send/recv, messages will be lost


###!!! [Child][RunMessage] Error: Channel closing: too late to send/recv, messages will be lost


###!!! [Child][RunMessage] Error: Channel closing: too late to send/recv, messages will be lost


###!!! [Child][RunMessage] Error: Channel closing: too late to send/recv, messages will be lost

1543938578383	mozrunner::runner	INFO	Running command: "/Applications/Firefox.app/Contents/MacOS/firefox-bin" "-marionette" "-foreground" "-no-remote" "-profile" "/var/folders/jz/24yflq0x2yj2tmh35qjwzfb80000gn/T/rust_mozprofile.kCMUfQEjwLfn"
1543938580144	Marionette	INFO	Listening on port 62716
1543938580230	Marionette	WARN	TLS certificate errors will be ignored for this session
1543938591897	Marionette	INFO	Stopped listening on port 62716
